Arguments: 
  /Users/david/.nvm/versions/node/v12.18.3/bin/node /Users/david/.yarn/bin/yarn.js build

PATH: 
  /usr/local/opt/hdf5@1.10/bin:/Users/david/.cargo/bin:/Users/david/bin:/Users/david/.yarn/bin:/Users/david/.config/yarn/global/node_modules/.bin:/Users/david/.nvm/versions/node/v12.18.3/bin:/usr/local/bin:/usr/bin:/bin:/usr/sbin:/sbin:/usr/local/opt/hdf5@1.10/bin:/Users/david/.cargo/bin:/Users/david/bin:/Users/david/.yarn/bin:/Users/david/.config/yarn/global/node_modules/.bin:/Users/david/.nvm/versions/node/v12.18.3/bin

Yarn version: 
  1.22.4

Node version: 
  12.18.3

Platform: 
  darwin x64

Trace: 
  SyntaxError: /Users/david/Documents/workspace/react-move-hook/package.json: Unexpected token / in JSON at position 259
      at JSON.parse (<anonymous>)
      at /Users/david/.yarn/lib/cli.js:1625:59
      at Generator.next (<anonymous>)
      at step (/Users/david/.yarn/lib/cli.js:310:30)
      at /Users/david/.yarn/lib/cli.js:321:13

npm manifest: 
  {
    "name": "react-move-hook",
    "version": "0.0.1",
    "description": "A React hook to make elements movable.",
    "main": "index.js",
    "scripts": {
      "test": "jest",
      "storybook": "start-storybook -p 6006",
      "build-storybook": "build-storybook",
      //"prebuild": "rimraf ./lib",
      "build": "rollup -c rollup.config.js"
    },
    "author": "David Ammeraal",
    "license": "MIT",
    "devDependencies": {
      "@babel/core": "^7.13.8",
      "@rollup/plugin-typescript": "^8.2.0",
      "@storybook/addon-actions": "^6.1.21",
      "@storybook/addon-essentials": "^6.1.21",
      "@storybook/addon-links": "^6.1.21",
      "@storybook/react": "^6.1.21",
      "@testing-library/jest-dom": "^5.11.9",
      "@testing-library/react": "^11.2.5",
      "@types/jest": "^26.0.20",
      "@types/react": "^17.0.3",
      "@typescript-eslint/eslint-plugin": "^4.17.0",
      "babel-loader": "^8.2.2",
      "eslint": "^7.21.0",
      "eslint-config-airbnb-typescript": "^12.3.1",
      "eslint-config-prettier": "^8.1.0",
      "eslint-plugin-import": "^2.22.1",
      "eslint-plugin-jest": "^24.1.9",
      "eslint-plugin-jsx-a11y": "^6.4.1",
      "eslint-plugin-prettier": "^3.3.1",
      "eslint-plugin-react": "^7.22.0",
      "eslint-plugin-react-hooks": "^4.2.0",
      "jest": "^26.6.3",
      "react": "^17.0.1",
      "react-dom": "^17.0.1",
      "rimraf": "^3.0.2",
      "rollup": "^2.40.0",
      "ts-jest": "^26.5.3",
      "typescript": "^4.2.3"
    },
    "peerDependencies": {
      "react": ">=16.8"
    },
    "dependencies": {}
  }

yarn manifest: 
  No manifest

Lockfile: 
  No lockfile
